Analysis & Synthesis report for proj_qsys
Mon Feb 20 21:13:28 2017
Quartus II 64-Bit Version 14.0.0 Build 200 06/17/2014 SJ Web Edition


---------------------
; Table of Contents ;
---------------------
  1. Legal Notice
  2. Analysis & Synthesis Summary
  3. Analysis & Synthesis Settings
  4. Parallel Compilation
  5. Analysis & Synthesis Messages
  6. Analysis & Synthesis Suppressed Messages



----------------
; Legal Notice ;
----------------
Copyright (C) 1991-2014 Altera Corporation. All rights reserved.
Your use of Altera Corporation's design tools, logic functions 
and other software and tools, and its AMPP partner logic 
functions, and any output files from any of the foregoing 
(including device programming or simulation files), and any 
associated documentation or information are expressly subject 
to the terms and conditions of the Altera Program License 
Subscription Agreement, the Altera Quartus II License Agreement,
the Altera MegaCore Function License Agreement, or other 
applicable license agreement, including, without limitation, 
that your use is for the sole purpose of programming logic 
devices manufactured by Altera and sold by Altera or its 
authorized distributors.  Please refer to the applicable 
agreement for further details.



+--------------------------------------------------------------------------+
; Analysis & Synthesis Summary                                             ;
+-----------------------------+--------------------------------------------+
; Analysis & Synthesis Status ; Failed - Mon Feb 20 21:13:28 2017          ;
; Quartus II 64-Bit Version   ; 14.0.0 Build 200 06/17/2014 SJ Web Edition ;
; Revision Name               ; proj_qsys                                  ;
; Top-level Entity Name       ; HelloWorld_Top                             ;
; Family                      ; Cyclone V                                  ;
; Logic utilization (in ALMs) ; N/A until Partition Merge                  ;
; Total registers             ; N/A until Partition Merge                  ;
; Total pins                  ; N/A until Partition Merge                  ;
; Total virtual pins          ; N/A until Partition Merge                  ;
; Total block memory bits     ; N/A until Partition Merge                  ;
; Total PLLs                  ; N/A until Partition Merge                  ;
; Total DLLs                  ; N/A until Partition Merge                  ;
+-----------------------------+--------------------------------------------+


+---------------------------------------------------------------------------------------------------------------------------+
; Analysis & Synthesis Settings                                                                                             ;
+---------------------------------------------------------------------------------+--------------------+--------------------+
; Option                                                                          ; Setting            ; Default Value      ;
+---------------------------------------------------------------------------------+--------------------+--------------------+
; Device                                                                          ; 5CGXFC7C7F23C8     ;                    ;
; Top-level entity name                                                           ; HelloWorld_Top     ; proj_qsys          ;
; Family name                                                                     ; Cyclone V          ; Cyclone IV GX      ;
; Use smart compilation                                                           ; Off                ; Off                ;
; Enable parallel Assembler and TimeQuest Timing Analyzer during compilation      ; On                 ; On                 ;
; Enable compact report table                                                     ; Off                ; Off                ;
; Restructure Multiplexers                                                        ; Auto               ; Auto               ;
; MLAB Add Timing Constraints For Mixed-Port Feed-Through Mode Setting Don't Care ; Off                ; Off                ;
; Create Debugging Nodes for IP Cores                                             ; Off                ; Off                ;
; Preserve fewer node names                                                       ; On                 ; On                 ;
; Disable OpenCore Plus hardware evaluation                                       ; Off                ; Off                ;
; Verilog Version                                                                 ; Verilog_2001       ; Verilog_2001       ;
; VHDL Version                                                                    ; VHDL_1993          ; VHDL_1993          ;
; State Machine Processing                                                        ; Auto               ; Auto               ;
; Safe State Machine                                                              ; Off                ; Off                ;
; Extract Verilog State Machines                                                  ; On                 ; On                 ;
; Extract VHDL State Machines                                                     ; On                 ; On                 ;
; Ignore Verilog initial constructs                                               ; Off                ; Off                ;
; Iteration limit for constant Verilog loops                                      ; 5000               ; 5000               ;
; Iteration limit for non-constant Verilog loops                                  ; 250                ; 250                ;
; Add Pass-Through Logic to Inferred RAMs                                         ; On                 ; On                 ;
; Infer RAMs from Raw Logic                                                       ; On                 ; On                 ;
; Parallel Synthesis                                                              ; On                 ; On                 ;
; DSP Block Balancing                                                             ; Auto               ; Auto               ;
; NOT Gate Push-Back                                                              ; On                 ; On                 ;
; Power-Up Don't Care                                                             ; On                 ; On                 ;
; Remove Redundant Logic Cells                                                    ; Off                ; Off                ;
; Remove Duplicate Registers                                                      ; On                 ; On                 ;
; Ignore CARRY Buffers                                                            ; Off                ; Off                ;
; Ignore CASCADE Buffers                                                          ; Off                ; Off                ;
; Ignore GLOBAL Buffers                                                           ; Off                ; Off                ;
; Ignore ROW GLOBAL Buffers                                                       ; Off                ; Off                ;
; Ignore LCELL Buffers                                                            ; Off                ; Off                ;
; Ignore SOFT Buffers                                                             ; On                 ; On                 ;
; Limit AHDL Integers to 32 Bits                                                  ; Off                ; Off                ;
; Optimization Technique                                                          ; Balanced           ; Balanced           ;
; Carry Chain Length                                                              ; 70                 ; 70                 ;
; Auto Carry Chains                                                               ; On                 ; On                 ;
; Auto Open-Drain Pins                                                            ; On                 ; On                 ;
; Perform WYSIWYG Primitive Resynthesis                                           ; Off                ; Off                ;
; Auto ROM Replacement                                                            ; On                 ; On                 ;
; Auto RAM Replacement                                                            ; On                 ; On                 ;
; Auto DSP Block Replacement                                                      ; On                 ; On                 ;
; Auto Shift Register Replacement                                                 ; Auto               ; Auto               ;
; Allow Shift Register Merging across Hierarchies                                 ; Auto               ; Auto               ;
; Auto Clock Enable Replacement                                                   ; On                 ; On                 ;
; Strict RAM Replacement                                                          ; Off                ; Off                ;
; Allow Synchronous Control Signals                                               ; On                 ; On                 ;
; Force Use of Synchronous Clear Signals                                          ; Off                ; Off                ;
; Auto Resource Sharing                                                           ; Off                ; Off                ;
; Allow Any RAM Size For Recognition                                              ; Off                ; Off                ;
; Allow Any ROM Size For Recognition                                              ; Off                ; Off                ;
; Allow Any Shift Register Size For Recognition                                   ; Off                ; Off                ;
; Use LogicLock Constraints during Resource Balancing                             ; On                 ; On                 ;
; Ignore translate_off and synthesis_off directives                               ; Off                ; Off                ;
; Timing-Driven Synthesis                                                         ; On                 ; On                 ;
; Report Parameter Settings                                                       ; On                 ; On                 ;
; Report Source Assignments                                                       ; On                 ; On                 ;
; Report Connectivity Checks                                                      ; On                 ; On                 ;
; Ignore Maximum Fan-Out Assignments                                              ; Off                ; Off                ;
; Synchronization Register Chain Length                                           ; 3                  ; 3                  ;
; PowerPlay Power Optimization                                                    ; Normal compilation ; Normal compilation ;
; HDL message level                                                               ; Level2             ; Level2             ;
; Suppress Register Optimization Related Messages                                 ; Off                ; Off                ;
; Number of Removed Registers Reported in Synthesis Report                        ; 5000               ; 5000               ;
; Number of Swept Nodes Reported in Synthesis Report                              ; 5000               ; 5000               ;
; Number of Inverted Registers Reported in Synthesis Report                       ; 100                ; 100                ;
; Clock MUX Protection                                                            ; On                 ; On                 ;
; Auto Gated Clock Conversion                                                     ; Off                ; Off                ;
; Block Design Naming                                                             ; Auto               ; Auto               ;
; SDC constraint protection                                                       ; Off                ; Off                ;
; Synthesis Effort                                                                ; Auto               ; Auto               ;
; Shift Register Replacement - Allow Asynchronous Clear Signal                    ; On                 ; On                 ;
; Pre-Mapping Resynthesis Optimization                                            ; Off                ; Off                ;
; Analysis & Synthesis Message Level                                              ; Medium             ; Medium             ;
; Disable Register Merging Across Hierarchies                                     ; Auto               ; Auto               ;
; Resource Aware Inference For Block RAM                                          ; On                 ; On                 ;
; Synthesis Seed                                                                  ; 1                  ; 1                  ;
; Automatic Parallel Synthesis                                                    ; On                 ; On                 ;
; Partial Reconfiguration Bitstream ID                                            ; Off                ; Off                ;
+---------------------------------------------------------------------------------+--------------------+--------------------+


+------------------------------------------+
; Parallel Compilation                     ;
+----------------------------+-------------+
; Processors                 ; Number      ;
+----------------------------+-------------+
; Number detected on machine ; 4           ;
; Maximum allowed            ; 2           ;
;                            ;             ;
; Average used               ; 1.00        ;
; Maximum used               ; 1           ;
;                            ;             ;
; Usage by Processor         ; % Time Used ;
;     Processor 1            ; 100.0%      ;
;     Processors 2-4         ;   0.0%      ;
+----------------------------+-------------+


+-------------------------------+
; Analysis & Synthesis Messages ;
+-------------------------------+
Info: *******************************************************************
Info: Running Quartus II 64-Bit Analysis & Synthesis
    Info: Version 14.0.0 Build 200 06/17/2014 SJ Web Edition
    Info: Processing started: Mon Feb 20 21:13:26 2017
Info: Command: quartus_map --read_settings_files=on --write_settings_files=off proj_HelloWorld -c proj_qsys
Info (11104): Parallel Compilation has detected 4 hyper-threaded processors. However, the extra hyper-threaded processors will not be used by default. Parallel Compilation will use 2 of the 2 physical processors detected instead.
Info (12021): Found 1 design units, including 1 entities, in source file proj_qsys/synthesis/proj_qsys.v
    Info (12023): Found entity 1: proj_qsys
Info (12021): Found 1 design units, including 1 entities, in source file proj_qsys/synthesis/submodules/altera_reset_controller.v
    Info (12023): Found entity 1: altera_reset_controller
Info (12021): Found 1 design units, including 1 entities, in source file proj_qsys/synthesis/submodules/altera_reset_synchronizer.v
    Info (12023): Found entity 1: altera_reset_synchronizer
Info (12021): Found 1 design units, including 1 entities, in source file proj_qsys/synthesis/submodules/proj_qsys_irq_mapper.sv
    Info (12023): Found entity 1: proj_qsys_irq_mapper
Info (12021): Found 1 design units, including 1 entities, in source file proj_qsys/synthesis/submodules/proj_qsys_mm_interconnect_0.v
    Info (12023): Found entity 1: proj_qsys_mm_interconnect_0
Info (12021): Found 2 design units, including 2 entities, in source file proj_qsys/synthesis/submodules/altera_merlin_arbitrator.sv
    Info (12023): Found entity 1: altera_merlin_arbitrator
    Info (12023): Found entity 2: altera_merlin_arb_adder
Info (12021): Found 1 design units, including 1 entities, in source file proj_qsys/synthesis/submodules/proj_qsys_mm_interconnect_0_rsp_mux_001.sv
    Info (12023): Found entity 1: proj_qsys_mm_interconnect_0_rsp_mux_001
Info (12021): Found 1 design units, including 1 entities, in source file proj_qsys/synthesis/submodules/proj_qsys_mm_interconnect_0_rsp_mux.sv
    Info (12023): Found entity 1: proj_qsys_mm_interconnect_0_rsp_mux
Info (12021): Found 1 design units, including 1 entities, in source file proj_qsys/synthesis/submodules/proj_qsys_mm_interconnect_0_rsp_demux_001.sv
    Info (12023): Found entity 1: proj_qsys_mm_interconnect_0_rsp_demux_001
Info (12021): Found 1 design units, including 1 entities, in source file proj_qsys/synthesis/submodules/proj_qsys_mm_interconnect_0_rsp_demux.sv
    Info (12023): Found entity 1: proj_qsys_mm_interconnect_0_rsp_demux
Info (12021): Found 1 design units, including 1 entities, in source file proj_qsys/synthesis/submodules/proj_qsys_mm_interconnect_0_cmd_mux_001.sv
    Info (12023): Found entity 1: proj_qsys_mm_interconnect_0_cmd_mux_001
Info (12021): Found 1 design units, including 1 entities, in source file proj_qsys/synthesis/submodules/proj_qsys_mm_interconnect_0_cmd_mux.sv
    Info (12023): Found entity 1: proj_qsys_mm_interconnect_0_cmd_mux
Info (12021): Found 1 design units, including 1 entities, in source file proj_qsys/synthesis/submodules/proj_qsys_mm_interconnect_0_cmd_demux_001.sv
    Info (12023): Found entity 1: proj_qsys_mm_interconnect_0_cmd_demux_001
Info (12021): Found 1 design units, including 1 entities, in source file proj_qsys/synthesis/submodules/proj_qsys_mm_interconnect_0_cmd_demux.sv
    Info (12023): Found entity 1: proj_qsys_mm_interconnect_0_cmd_demux
Info (12021): Found 1 design units, including 1 entities, in source file proj_qsys/synthesis/submodules/altera_merlin_traffic_limiter.sv
    Info (12023): Found entity 1: altera_merlin_traffic_limiter
Info (12021): Found 2 design units, including 2 entities, in source file proj_qsys/synthesis/submodules/altera_merlin_reorder_memory.sv
    Info (12023): Found entity 1: altera_merlin_reorder_memory
    Info (12023): Found entity 2: memory_pointer_controller
Info (12021): Found 1 design units, including 1 entities, in source file proj_qsys/synthesis/submodules/altera_avalon_sc_fifo.v
    Info (12023): Found entity 1: altera_avalon_sc_fifo
Info (12021): Found 1 design units, including 1 entities, in source file proj_qsys/synthesis/submodules/altera_avalon_st_pipeline_base.v
    Info (12023): Found entity 1: altera_avalon_st_pipeline_base
Info (12021): Found 2 design units, including 2 entities, in source file proj_qsys/synthesis/submodules/proj_qsys_mm_interconnect_0_router_007.sv
    Info (12023): Found entity 1: proj_qsys_mm_interconnect_0_router_007_default_decode
    Info (12023): Found entity 2: proj_qsys_mm_interconnect_0_router_007
Info (12021): Found 2 design units, including 2 entities, in source file proj_qsys/synthesis/submodules/proj_qsys_mm_interconnect_0_router_003.sv
    Info (12023): Found entity 1: proj_qsys_mm_interconnect_0_router_003_default_decode
    Info (12023): Found entity 2: proj_qsys_mm_interconnect_0_router_003
Info (12021): Found 2 design units, including 2 entities, in source file proj_qsys/synthesis/submodules/proj_qsys_mm_interconnect_0_router_002.sv
    Info (12023): Found entity 1: proj_qsys_mm_interconnect_0_router_002_default_decode
    Info (12023): Found entity 2: proj_qsys_mm_interconnect_0_router_002
Info (12021): Found 2 design units, including 2 entities, in source file proj_qsys/synthesis/submodules/proj_qsys_mm_interconnect_0_router_001.sv
    Info (12023): Found entity 1: proj_qsys_mm_interconnect_0_router_001_default_decode
    Info (12023): Found entity 2: proj_qsys_mm_interconnect_0_router_001
Info (12021): Found 2 design units, including 2 entities, in source file proj_qsys/synthesis/submodules/proj_qsys_mm_interconnect_0_router.sv
    Info (12023): Found entity 1: proj_qsys_mm_interconnect_0_router_default_decode
    Info (12023): Found entity 2: proj_qsys_mm_interconnect_0_router
Info (12021): Found 1 design units, including 1 entities, in source file proj_qsys/synthesis/submodules/altera_merlin_slave_agent.sv
    Info (12023): Found entity 1: altera_merlin_slave_agent
Info (12021): Found 1 design units, including 1 entities, in source file proj_qsys/synthesis/submodules/altera_merlin_burst_uncompressor.sv
    Info (12023): Found entity 1: altera_merlin_burst_uncompressor
Info (12021): Found 1 design units, including 1 entities, in source file proj_qsys/synthesis/submodules/altera_merlin_master_agent.sv
    Info (12023): Found entity 1: altera_merlin_master_agent
Info (12021): Found 1 design units, including 1 entities, in source file proj_qsys/synthesis/submodules/altera_merlin_slave_translator.sv
    Info (12023): Found entity 1: altera_merlin_slave_translator
Info (12021): Found 1 design units, including 1 entities, in source file proj_qsys/synthesis/submodules/altera_merlin_master_translator.sv
    Info (12023): Found entity 1: altera_merlin_master_translator
Info (12021): Found 1 design units, including 1 entities, in source file proj_qsys/synthesis/submodules/proj_qsys_led_pio.v
    Info (12023): Found entity 1: proj_qsys_led_pio
Info (12021): Found 1 design units, including 1 entities, in source file proj_qsys/synthesis/submodules/proj_qsys_sysid.v
    Info (12023): Found entity 1: proj_qsys_sysid
Info (12021): Found 1 design units, including 1 entities, in source file proj_qsys/synthesis/submodules/proj_qsys_sys_clk_timer.v
    Info (12023): Found entity 1: proj_qsys_sys_clk_timer
Info (12021): Found 5 design units, including 5 entities, in source file proj_qsys/synthesis/submodules/proj_qsys_jtag_uart.v
    Info (12023): Found entity 1: proj_qsys_jtag_uart_sim_scfifo_w
    Info (12023): Found entity 2: proj_qsys_jtag_uart_scfifo_w
    Info (12023): Found entity 3: proj_qsys_jtag_uart_sim_scfifo_r
    Info (12023): Found entity 4: proj_qsys_jtag_uart_scfifo_r
    Info (12023): Found entity 5: proj_qsys_jtag_uart
Info (12021): Found 1 design units, including 1 entities, in source file proj_qsys/synthesis/submodules/proj_qsys_onchip_mem.v
    Info (12023): Found entity 1: proj_qsys_onchip_mem
Info (12021): Found 23 design units, including 23 entities, in source file proj_qsys/synthesis/submodules/proj_qsys_cpu.v
    Info (12023): Found entity 1: proj_qsys_cpu_ic_data_module
    Info (12023): Found entity 2: proj_qsys_cpu_ic_tag_module
    Info (12023): Found entity 3: proj_qsys_cpu_register_bank_a_module
    Info (12023): Found entity 4: proj_qsys_cpu_register_bank_b_module
    Info (12023): Found entity 5: proj_qsys_cpu_nios2_oci_debug
    Info (12023): Found entity 6: proj_qsys_cpu_ociram_sp_ram_module
    Info (12023): Found entity 7: proj_qsys_cpu_nios2_ocimem
    Info (12023): Found entity 8: proj_qsys_cpu_nios2_avalon_reg
    Info (12023): Found entity 9: proj_qsys_cpu_nios2_oci_break
    Info (12023): Found entity 10: proj_qsys_cpu_nios2_oci_xbrk
    Info (12023): Found entity 11: proj_qsys_cpu_nios2_oci_dbrk
    Info (12023): Found entity 12: proj_qsys_cpu_nios2_oci_itrace
    Info (12023): Found entity 13: proj_qsys_cpu_nios2_oci_td_mode
    Info (12023): Found entity 14: proj_qsys_cpu_nios2_oci_dtrace
    Info (12023): Found entity 15: proj_qsys_cpu_nios2_oci_compute_input_tm_cnt
    Info (12023): Found entity 16: proj_qsys_cpu_nios2_oci_fifo_wrptr_inc
    Info (12023): Found entity 17: proj_qsys_cpu_nios2_oci_fifo_cnt_inc
    Info (12023): Found entity 18: proj_qsys_cpu_nios2_oci_fifo
    Info (12023): Found entity 19: proj_qsys_cpu_nios2_oci_pib
    Info (12023): Found entity 20: proj_qsys_cpu_nios2_oci_im
    Info (12023): Found entity 21: proj_qsys_cpu_nios2_performance_monitors
    Info (12023): Found entity 22: proj_qsys_cpu_nios2_oci
    Info (12023): Found entity 23: proj_qsys_cpu
Info (12021): Found 1 design units, including 1 entities, in source file proj_qsys/synthesis/submodules/proj_qsys_cpu_jtag_debug_module_sysclk.v
    Info (12023): Found entity 1: proj_qsys_cpu_jtag_debug_module_sysclk
Info (12021): Found 1 design units, including 1 entities, in source file proj_qsys/synthesis/submodules/proj_qsys_cpu_jtag_debug_module_tck.v
    Info (12023): Found entity 1: proj_qsys_cpu_jtag_debug_module_tck
Info (12021): Found 1 design units, including 1 entities, in source file proj_qsys/synthesis/submodules/proj_qsys_cpu_jtag_debug_module_wrapper.v
    Info (12023): Found entity 1: proj_qsys_cpu_jtag_debug_module_wrapper
Info (12021): Found 1 design units, including 1 entities, in source file proj_qsys/synthesis/submodules/proj_qsys_cpu_oci_test_bench.v
    Info (12023): Found entity 1: proj_qsys_cpu_oci_test_bench
Info (12021): Found 1 design units, including 1 entities, in source file proj_qsys/synthesis/submodules/proj_qsys_cpu_test_bench.v
    Info (12023): Found entity 1: proj_qsys_cpu_test_bench
Info (12021): Found 1 design units, including 1 entities, in source file helloworld_top.v
    Info (12023): Found entity 1: HelloWorld_Top
Warning (10037): Verilog HDL or VHDL warning at proj_qsys_cpu.v(1798): conditional expression evaluates to a constant
Warning (10037): Verilog HDL or VHDL warning at proj_qsys_cpu.v(1800): conditional expression evaluates to a constant
Warning (10037): Verilog HDL or VHDL warning at proj_qsys_cpu.v(1956): conditional expression evaluates to a constant
Warning (10037): Verilog HDL or VHDL warning at proj_qsys_cpu.v(2780): conditional expression evaluates to a constant
Error (10839): Verilog HDL error at HelloWorld_Top.v(6): using implicit port connections is a SystemVerilog feature File: C:/EE371/lab371/lab4/NIOSII/HelloWorld_Top.v Line: 6
Info (144001): Generated suppressed messages file C:/EE371/lab371/lab4/NIOSII/output_files/proj_qsys.map.smsg
Error: Quartus II 64-Bit Analysis & Synthesis was unsuccessful. 1 error, 4 warnings
    Error: Peak virtual memory: 596 megabytes
    Error: Processing ended: Mon Feb 20 21:13:29 2017
    Error: Elapsed time: 00:00:03
    Error: Total CPU time (on all processors): 00:00:02


+------------------------------------------+
; Analysis & Synthesis Suppressed Messages ;
+------------------------------------------+
The suppressed messages can be found in C:/EE371/lab371/lab4/NIOSII/output_files/proj_qsys.map.smsg.


